<?xml version="1.0" encoding="UTF-8"?>
<testsuite xmlns:xsi="http://www.w3.org/2001/XMLSchema-instance" xsi:noNamespaceSchemaLocation="https://maven.apache.org/surefire/maven-surefire-plugin/xsd/surefire-test-report-3.0.xsd" version="3.0" name="Login to Zero Application" time="28.106" tests="2" errors="1" skipped="0" failures="1">
  <properties>
[...]
</properties>
  <testcase name="Users login with valid credentials" classname="Login to Zero Application" time="16.771">
    <failure message="expected:&lt;[Zero - ]Account Summary&gt; but was:&lt;[]Account Summary&gt;" type="org.junit.ComparisonFailure"><![CDATA[org.junit.ComparisonFailure: expected:<[Zero - ]Account Summary> but was:<[]Account Summary>
]]></failure>
    <system-out><![CDATA[

&amp#27;[31mFailed scenarios:&amp#27;[0m

&amp#27;[31mfile:///Users/abazarelsheikh/Desktop/Zero-Online-Banking-Application/src/test/resources/features/Login.feature:8&amp#27;[0m
# Users login with valid credentials

&amp#27;[31mfile:///Users/abazarelsheikh/Desktop/Zero-Online-Banking-Application/src/test/resources/features/Login.feature:14&amp#27;[0m
# Verify warning message for invalid credentials

&amp#27;[31mfile:///Users/abazarelsheikh/Desktop/Zero-Online-Banking-Application/src/test/resources/features/FindTransactions.feature:21&amp#27;[0m
# Search description

&amp#27;[31mfile:///Users/abazarelsheikh/Desktop/Zero-Online-Banking-Application/src/test/resources/features/FindTransactions.feature:31&amp#27;[0m
# Search description case insensitive

&amp#27;[31mfile:///Users/abazarelsheikh/Desktop/Zero-Online-Banking-Application/src/test/resources/features/ZeroAccountSummary.feature:46&amp#27;[0m
# Pay Bills



27
 Scenarios (
&amp#27;[31m5 failed&amp#27;[0m
, 
&amp#27;[32m22 passed&amp#27;[0m
)

127
 Steps (
&amp#27;[31m5 failed&amp#27;[0m
, 
&amp#27;[36m5 skipped&amp#27;[0m
, 
&amp#27;[32m117 passed&amp#27;[0m
)

3m
3.531s





org.junit.ComparisonFailure: expected:<[Zero - ]Account Summary> but was:<[]Account Summary>

	at org.junit.Assert.assertEquals(Assert.java:117)

	at org.junit.Assert.assertEquals(Assert.java:146)

	at com.zerobank.step_definitions.Practice.NavigationSteps.i_should_be_in_page(NavigationSteps.java:34)

	at ✽.I should be in "Account Summary" page(file:///Users/abazarelsheikh/Desktop/Zero-Online-Banking-Application/src/test/resources/features/Login.feature:10)



org.openqa.selenium.NoSuchElementException: no such element: Unable to locate element: {"method":"xpath","selector":"//div[@class='alert alert-error']"}
  (Session info: chrome=81.0.4044.138)
For documentation on this error, please visit: https://www.seleniumhq.org/exceptions/no_such_element.html
Build info: version: '3.141.59', revision: 'e82be7d358', time: '2018-11-14T08:17:03'
System info: host: 'aGooz-MacBook-Pro.local', ip: '2600:8806:2200:c600:39cd:5493:7ab3:8560%en0', os.name: 'Mac OS X', os.arch: 'x86_64', os.version: '10.15.4', java.version: '13.0.2'
Driver info: org.openqa.selenium.chrome.ChromeDriver
Capabilities {acceptInsecureCerts: false, browserName: chrome, browserVersion: 81.0.4044.138, chrome: {chromedriverVersion: 81.0.4044.138 (8c6c7ba89cc9..., userDataDir: /var/folders/4_/h1fdk0d11sb...}, goog:chromeOptions: {debuggerAddress: localhost:54430}, javascriptEnabled: true, networkConnectionEnabled: false, pageLoadStrategy: normal, platform: MAC, platformName: MAC, proxy: Proxy(), setWindowRect: true, strictFileInteractability: false, timeouts: {implicit: 0, pageLoad: 300000, script: 30000}, unhandledPromptBehavior: dismiss and notify, webauthn:virtualAuthenticators: true}
Session ID: 354ecb82dbb937b7694cce92740b6d2c
*** Element info: {Using=xpath, value=//div[@class='alert alert-error']}

	at java.base/jdk.internal.reflect.NativeConstructorAccessorImpl.newInstance0(Native Method)

	at java.base/jdk.internal.reflect.NativeConstructorAccessorImpl.newInstance(NativeConstructorAccessorImpl.java:62)

	at java.base/jdk.internal.reflect.DelegatingConstructorAccessorImpl.newInstance(DelegatingConstructorAccessorImpl.java:45)

	at java.base/java.lang.reflect.Constructor.newInstanceWithCaller(Constructor.java:500)

	at java.base/java.lang.reflect.Constructor.newInstance(Constructor.java:481)

	at org.openqa.selenium.remote.http.W3CHttpResponseCodec.createException(W3CHttpResponseCodec.java:187)

	at org.openqa.selenium.remote.http.W3CHttpResponseCodec.decode(W3CHttpResponseCodec.java:122)

	at org.openqa.selenium.remote.http.W3CHttpResponseCodec.decode(W3CHttpResponseCodec.java:49)

	at org.openqa.selenium.remote.HttpCommandExecutor.execute(HttpCommandExecutor.java:158)

	at org.openqa.selenium.remote.service.DriverCommandExecutor.execute(DriverCommandExecutor.java:83)

	at org.openqa.selenium.remote.RemoteWebDriver.execute(RemoteWebDriver.java:552)

	at org.openqa.selenium.remote.RemoteWebDriver.findElement(RemoteWebDriver.java:323)

	at org.openqa.selenium.remote.RemoteWebDriver.findElementByXPath(RemoteWebDriver.java:428)

	at org.openqa.selenium.By$ByXPath.findElement(By.java:353)

	at org.openqa.selenium.remote.RemoteWebDriver.findElement(RemoteWebDriver.java:315)

	at org.openqa.selenium.support.pagefactory.DefaultElementLocator.findElement(DefaultElementLocator.java:69)

	at org.openqa.selenium.support.pagefactory.internal.LocatingElementHandler.invoke(LocatingElementHandler.java:38)

	at com.sun.proxy.$Proxy20.getText(Unknown Source)

	at com.zerobank.pages.LoginPage.getErrorMessage(LoginPage.java:42)

	at com.zerobank.step_definitions.Practice.NavigationSteps.user_verifies_that_warning_message_is_displayed(NavigationSteps.java:41)

	at ✽.user verifies that "Login and/or password are wrong." warning message is displayed(file:///Users/abazarelsheikh/Desktop/Zero-Online-Banking-Application/src/test/resources/features/Login.feature:16)



org.openqa.selenium.NoSuchElementException: no such element: Unable to locate element: {"method":"xpath","selector":"//div[@id='filtered_transactions_for_account']//tr//td[3]"}
  (Session info: chrome=81.0.4044.138)
For documentation on this error, please visit: https://www.seleniumhq.org/exceptions/no_such_element.html
Build info: version: '3.141.59', revision: 'e82be7d358', time: '2018-11-14T08:17:03'
System info: host: 'aGooz-MacBook-Pro.local', ip: '2600:8806:2200:c600:39cd:5493:7ab3:8560%en0', os.name: 'Mac OS X', os.arch: 'x86_64', os.version: '10.15.4', java.version: '13.0.2'
Driver info: org.openqa.selenium.chrome.ChromeDriver
Capabilities {acceptInsecureCerts: false, browserName: chrome, browserVersion: 81.0.4044.138, chrome: {chromedriverVersion: 81.0.4044.138 (8c6c7ba89cc9..., userDataDir: /var/folders/4_/h1fdk0d11sb...}, goog:chromeOptions: {debuggerAddress: localhost:54809}, javascriptEnabled: true, networkConnectionEnabled: false, pageLoadStrategy: normal, platform: MAC, platformName: MAC, proxy: Proxy(), setWindowRect: true, strictFileInteractability: false, timeouts: {implicit: 0, pageLoad: 300000, script: 30000}, unhandledPromptBehavior: dismiss and notify, webauthn:virtualAuthenticators: true}
Session ID: 0e24244124878a852f4cccbfc64cb72a
*** Element info: {Using=xpath, value=//div[@id='filtered_transactions_for_account']//tr//td[3]}

	at java.base/jdk.internal.reflect.NativeConstructorAccessorImpl.newInstance0(Native Method)

	at java.base/jdk.internal.reflect.NativeConstructorAccessorImpl.newInstance(NativeConstructorAccessorImpl.java:62)

	at java.base/jdk.internal.reflect.DelegatingConstructorAccessorImpl.newInstance(DelegatingConstructorAccessorImpl.java:45)

	at java.base/java.lang.reflect.Constructor.newInstanceWithCaller(Constructor.java:500)

	at java.base/java.lang.reflect.Constructor.newInstance(Constructor.java:481)

	at org.openqa.selenium.remote.http.W3CHttpResponseCodec.createException(W3CHttpResponseCodec.java:187)

	at org.openqa.selenium.remote.http.W3CHttpResponseCodec.decode(W3CHttpResponseCodec.java:122)

	at org.openqa.selenium.remote.http.W3CHttpResponseCodec.decode(W3CHttpResponseCodec.java:49)

	at org.openqa.selenium.remote.HttpCommandExecutor.execute(HttpCommandExecutor.java:158)

	at org.openqa.selenium.remote.service.DriverCommandExecutor.execute(DriverCommandExecutor.java:83)

	at org.openqa.selenium.remote.RemoteWebDriver.execute(RemoteWebDriver.java:552)

	at org.openqa.selenium.remote.RemoteWebDriver.findElement(RemoteWebDriver.java:323)

	at org.openqa.selenium.remote.RemoteWebDriver.findElementByXPath(RemoteWebDriver.java:428)

	at org.openqa.selenium.By$ByXPath.findElement(By.java:353)

	at org.openqa.selenium.remote.RemoteWebDriver.findElement(RemoteWebDriver.java:315)

	at com.zerobank.pages.AccountActivityPage.filterBColumn(AccountActivityPage.java:40)

	at com.zerobank.step_definitions.Practice.AccountActivitySteps.results_table_should_only_show_descriptions_containing_OFFICE(AccountActivitySteps.java:95)

	at ✽.results table should only show descriptions containing "OFFICE"(file:///Users/abazarelsheikh/Desktop/Zero-Online-Banking-Application/src/test/resources/features/FindTransactions.feature:27)



org.openqa.selenium.NoSuchElementException: no such element: Unable to locate element: {"method":"xpath","selector":"//div[@id='filtered_transactions_for_account']//tr//td[3]"}
  (Session info: chrome=81.0.4044.138)
For documentation on this error, please visit: https://www.seleniumhq.org/exceptions/no_such_element.html
Build info: version: '3.141.59', revision: 'e82be7d358', time: '2018-11-14T08:17:03'
System info: host: 'aGooz-MacBook-Pro.local', ip: '2600:8806:2200:c600:39cd:5493:7ab3:8560%en0', os.name: 'Mac OS X', os.arch: 'x86_64', os.version: '10.15.4', java.version: '13.0.2'
Driver info: org.openqa.selenium.chrome.ChromeDriver
Capabilities {acceptInsecureCerts: false, browserName: chrome, browserVersion: 81.0.4044.138, chrome: {chromedriverVersion: 81.0.4044.138 (8c6c7ba89cc9..., userDataDir: /var/folders/4_/h1fdk0d11sb...}, goog:chromeOptions: {debuggerAddress: localhost:54957}, javascriptEnabled: true, networkConnectionEnabled: false, pageLoadStrategy: normal, platform: MAC, platformName: MAC, proxy: Proxy(), setWindowRect: true, strictFileInteractability: false, timeouts: {implicit: 0, pageLoad: 300000, script: 30000}, unhandledPromptBehavior: dismiss and notify, webauthn:virtualAuthenticators: true}
Session ID: c68de874fb295133b576ca42f69e50e1
*** Element info: {Using=xpath, value=//div[@id='filtered_transactions_for_account']//tr//td[3]}

	at java.base/jdk.internal.reflect.NativeConstructorAccessorImpl.newInstance0(Native Method)

	at java.base/jdk.internal.reflect.NativeConstructorAccessorImpl.newInstance(NativeConstructorAccessorImpl.java:62)

	at java.base/jdk.internal.reflect.DelegatingConstructorAccessorImpl.newInstance(DelegatingConstructorAccessorImpl.java:45)

	at java.base/java.lang.reflect.Constructor.newInstanceWithCaller(Constructor.java:500)

	at java.base/java.lang.reflect.Constructor.newInstance(Constructor.java:481)

	at org.openqa.selenium.remote.http.W3CHttpResponseCodec.createException(W3CHttpResponseCodec.java:187)

	at org.openqa.selenium.remote.http.W3CHttpResponseCodec.decode(W3CHttpResponseCodec.java:122)

	at org.openqa.selenium.remote.http.W3CHttpResponseCodec.decode(W3CHttpResponseCodec.java:49)

	at org.openqa.selenium.remote.HttpCommandExecutor.execute(HttpCommandExecutor.java:158)

	at org.openqa.selenium.remote.service.DriverCommandExecutor.execute(DriverCommandExecutor.java:83)

	at org.openqa.selenium.remote.RemoteWebDriver.execute(RemoteWebDriver.java:552)

	at org.openqa.selenium.remote.RemoteWebDriver.findElement(RemoteWebDriver.java:323)

	at org.openqa.selenium.remote.RemoteWebDriver.findElementByXPath(RemoteWebDriver.java:428)

	at org.openqa.selenium.By$ByXPath.findElement(By.java:353)

	at org.openqa.selenium.remote.RemoteWebDriver.findElement(RemoteWebDriver.java:315)

	at com.zerobank.pages.AccountActivityPage.filterBColumn(AccountActivityPage.java:40)

	at com.zerobank.step_definitions.Practice.AccountActivitySteps.results_table_should_only_show_descriptions_containing_OFFICE(AccountActivitySteps.java:95)

	at ✽.results table should only show descriptions containing "ONLINE"(file:///Users/abazarelsheikh/Desktop/Zero-Online-Banking-Application/src/test/resources/features/FindTransactions.feature:37)



org.junit.ComparisonFailure: expected:<Zero - [Account Activity]> but was:<Zero - [Pay Bills]>

	at org.junit.Assert.assertEquals(Assert.java:117)

	at org.junit.Assert.assertEquals(Assert.java:146)

	at com.zerobank.step_definitions.Practice.NavigationSteps.i_should_be_in_page(NavigationSteps.java:34)

	at ✽.I should be in "Zero - Pay Bills" page(file:///Users/abazarelsheikh/Desktop/Zero-Online-Banking-Application/src/test/resources/features/ZeroAccountSummary.feature:48)






@login_ZeroApp @regression @authorized_user
Scenario: Users login with valid credentials                   &amp#27;[90m# src/test/resources/features/Login.feature:8&amp#27;[0m
set up browser
Page Name: Login
  &amp#27;[32mGiven &amp#27;[0m&amp#27;[32mI am in &amp#27;[0m&amp#27;[32m&amp#27;[1m"Login"&amp#27;[0m&amp#27;[32m page&amp#27;[0m                                   &amp#27;[90m# com.zerobank.step_definitions.Practice.NavigationSteps.i_am_in_login_page(java.lang.String)&amp#27;[0m
Login
  &amp#27;[32mWhen &amp#27;[0m&amp#27;[32mI enter valid &amp#27;[0m&amp#27;[32m&amp#27;[1m"username"&amp#27;[0m&amp#27;[32m and &amp#27;[0m&amp#27;[32m&amp#27;[1m"password"&amp#27;[0m&amp#27;[32m in &amp#27;[0m&amp#27;[32m&amp#27;[1m"Login"&amp#27;[0m&amp#27;[32m page&amp#27;[0m &amp#27;[90m# com.zerobank.step_definitions.Practice.NavigationSteps.i_enter_valid_and(java.lang.String,java.lang.String,java.lang.String)&amp#27;[0m
  &amp#27;[31mThen &amp#27;[0m&amp#27;[31mI should be in &amp#27;[0m&amp#27;[31m&amp#27;[1m"Account Summary"&amp#27;[0m&amp#27;[31m page&amp#27;[0m                   &amp#27;[90m# com.zerobank.step_definitions.Practice.NavigationSteps.i_should_be_in_page(java.lang.String)&amp#27;[0m
      &amp#27;[31morg.junit.ComparisonFailure: expected:<[Zero - ]Account Summary> but was:<[]Account Summary>
	at org.junit.Assert.assertEquals(Assert.java:117)
	at org.junit.Assert.assertEquals(Assert.java:146)
	at com.zerobank.step_definitions.Practice.NavigationSteps.i_should_be_in_page(NavigationSteps.java:34)
	at ✽.I should be in "Account Summary" page(file:///Users/abazarelsheikh/Desktop/Zero-Online-Banking-Application/src/test/resources/features/Login.feature:10)
&amp#27;[0m
scenario Tags: [@login_ZeroApp, @regression, @authorized_user]
scenario Name: Users login with valid credentials

    Complete scenario: Users login with valid credentials


    Embedding Users login with valid credentials [image/png 201812 bytes]

close driver
]]></system-out>
    <system-err><![CDATA[SLF4J: Failed to load class "org.slf4j.impl.StaticLoggerBinder".
SLF4J: Defaulting to no-operation (NOP) logger implementation
SLF4J: See http://www.slf4j.org/codes.html#StaticLoggerBinder for further details.
Starting ChromeDriver 81.0.4044.138 (8c6c7ba89cc9453625af54f11fd83179e23450fa-refs/branch-heads/4044@{#999}) on port 47847
Only local connections are allowed.
Please protect ports used by ChromeDriver and related test frameworks to prevent access by malicious code.
May 15, 2020 12:36:58 AM org.openqa.selenium.remote.ProtocolHandshake createSession
INFO: Detected dialect: W3C
[1589517421.058][SEVERE]: Timed out receiving message from renderer: 0.100
[1589517421.500][SEVERE]: Timed out receiving message from renderer: 0.100
]]></system-err>
  </testcase>
  <testcase name="Verify warning message for invalid credentials" classname="Login to Zero Application" time="11.335">
    <error message="no such element: Unable to locate element: {&quot;method&quot;:&quot;xpath&quot;,&quot;selector&quot;:&quot;//div[@class=&apos;alert alert-error&apos;]&quot;}&#10;  (Session info: chrome=81.0.4044.138)&#10;For documentation on this error, please visit: https://www.seleniumhq.org/exceptions/no_such_element.html&#10;Build info: version: &apos;3.141.59&apos;, revision: &apos;e82be7d358&apos;, time: &apos;2018-11-14T08:17:03&apos;&#10;System info: host: &apos;aGooz-MacBook-Pro.local&apos;, ip: &apos;2600:8806:2200:c600:39cd:5493:7ab3:8560%en0&apos;, os.name: &apos;Mac OS X&apos;, os.arch: &apos;x86_64&apos;, os.version: &apos;10.15.4&apos;, java.version: &apos;13.0.2&apos;&#10;Driver info: org.openqa.selenium.chrome.ChromeDriver&#10;Capabilities {acceptInsecureCerts: false, browserName: chrome, browserVersion: 81.0.4044.138, chrome: {chromedriverVersion: 81.0.4044.138 (8c6c7ba89cc9..., userDataDir: /var/folders/4_/h1fdk0d11sb...}, goog:chromeOptions: {debuggerAddress: localhost:54430}, javascriptEnabled: true, networkConnectionEnabled: false, pageLoadStrategy: normal, platform: MAC, platformName: MAC, proxy: Proxy(), setWindowRect: true, strictFileInteractability: false, timeouts: {implicit: 0, pageLoad: 300000, script: 30000}, unhandledPromptBehavior: dismiss and notify, webauthn:virtualAuthenticators: true}&#10;Session ID: 354ecb82dbb937b7694cce92740b6d2c&#10;*** Element info: {Using=xpath, value=//div[@class=&apos;alert alert-error&apos;]}" type="org.openqa.selenium.NoSuchElementException"><![CDATA[org.openqa.selenium.NoSuchElementException: 
no such element: Unable to locate element: {"method":"xpath","selector":"//div[@class='alert alert-error']"}
  (Session info: chrome=81.0.4044.138)
For documentation on this error, please visit: https://www.seleniumhq.org/exceptions/no_such_element.html
Build info: version: '3.141.59', revision: 'e82be7d358', time: '2018-11-14T08:17:03'
System info: host: 'aGooz-MacBook-Pro.local', ip: '2600:8806:2200:c600:39cd:5493:7ab3:8560%en0', os.name: 'Mac OS X', os.arch: 'x86_64', os.version: '10.15.4', java.version: '13.0.2'
Driver info: org.openqa.selenium.chrome.ChromeDriver
Capabilities {acceptInsecureCerts: false, browserName: chrome, browserVersion: 81.0.4044.138, chrome: {chromedriverVersion: 81.0.4044.138 (8c6c7ba89cc9..., userDataDir: /var/folders/4_/h1fdk0d11sb...}, goog:chromeOptions: {debuggerAddress: localhost:54430}, javascriptEnabled: true, networkConnectionEnabled: false, pageLoadStrategy: normal, platform: MAC, platformName: MAC, proxy: Proxy(), setWindowRect: true, strictFileInteractability: false, timeouts: {implicit: 0, pageLoad: 300000, script: 30000}, unhandledPromptBehavior: dismiss and notify, webauthn:virtualAuthenticators: true}
Session ID: 354ecb82dbb937b7694cce92740b6d2c
*** Element info: {Using=xpath, value=//div[@class='alert alert-error']}
]]></error>
    <system-out><![CDATA[
@login_ZeroApp @regression @negative
Scenario: Verify warning message for invalid credentials                                 &amp#27;[90m# src/test/resources/features/Login.feature:14&amp#27;[0m
set up browser
Page Name: Login
  &amp#27;[32mGiven &amp#27;[0m&amp#27;[32mI am in &amp#27;[0m&amp#27;[32m&amp#27;[1m"Login"&amp#27;[0m&amp#27;[32m page&amp#27;[0m                                                             &amp#27;[90m# com.zerobank.step_definitions.Practice.NavigationSteps.i_am_in_login_page(java.lang.String)&amp#27;[0m
Login
  &amp#27;[32mWhen &amp#27;[0m&amp#27;[32mI enter valid &amp#27;[0m&amp#27;[32m&amp#27;[1m"userName"&amp#27;[0m&amp#27;[32m and &amp#27;[0m&amp#27;[32m&amp#27;[1m"passWord"&amp#27;[0m&amp#27;[32m in &amp#27;[0m&amp#27;[32m&amp#27;[1m"Login"&amp#27;[0m&amp#27;[32m page&amp#27;[0m                           &amp#27;[90m# com.zerobank.step_definitions.Practice.NavigationSteps.i_enter_valid_and(java.lang.String,java.lang.String,java.lang.String)&amp#27;[0m
  &amp#27;[31mAnd &amp#27;[0m&amp#27;[31muser verifies that &amp#27;[0m&amp#27;[31m&amp#27;[1m"Login and/or password are wrong."&amp#27;[0m&amp#27;[31m warning message is displayed&amp#27;[0m &amp#27;[90m# com.zerobank.step_definitions.Practice.NavigationSteps.user_verifies_that_warning_message_is_displayed(java.lang.String)&amp#27;[0m
      &amp#27;[31morg.openqa.selenium.NoSuchElementException: no such element: Unable to locate element: {"method":"xpath","selector":"//div[@class='alert alert-error']"}
  (Session info: chrome=81.0.4044.138)
For documentation on this error, please visit: https://www.seleniumhq.org/exceptions/no_such_element.html
Build info: version: '3.141.59', revision: 'e82be7d358', time: '2018-11-14T08:17:03'
System info: host: 'aGooz-MacBook-Pro.local', ip: '2600:8806:2200:c600:39cd:5493:7ab3:8560%en0', os.name: 'Mac OS X', os.arch: 'x86_64', os.version: '10.15.4', java.version: '13.0.2'
Driver info: org.openqa.selenium.chrome.ChromeDriver
Capabilities {acceptInsecureCerts: false, browserName: chrome, browserVersion: 81.0.4044.138, chrome: {chromedriverVersion: 81.0.4044.138 (8c6c7ba89cc9..., userDataDir: /var/folders/4_/h1fdk0d11sb...}, goog:chromeOptions: {debuggerAddress: localhost:54430}, javascriptEnabled: true, networkConnectionEnabled: false, pageLoadStrategy: normal, platform: MAC, platformName: MAC, proxy: Proxy(), setWindowRect: true, strictFileInteractability: false, timeouts: {implicit: 0, pageLoad: 300000, script: 30000}, unhandledPromptBehavior: dismiss and notify, webauthn:virtualAuthenticators: true}
Session ID: 354ecb82dbb937b7694cce92740b6d2c
*** Element info: {Using=xpath, value=//div[@class='alert alert-error']}
	at java.base/jdk.internal.reflect.NativeConstructorAccessorImpl.newInstance0(Native Method)
	at java.base/jdk.internal.reflect.NativeConstructorAccessorImpl.newInstance(NativeConstructorAccessorImpl.java:62)
	at java.base/jdk.internal.reflect.DelegatingConstructorAccessorImpl.newInstance(DelegatingConstructorAccessorImpl.java:45)
	at java.base/java.lang.reflect.Constructor.newInstanceWithCaller(Constructor.java:500)
	at java.base/java.lang.reflect.Constructor.newInstance(Constructor.java:481)
	at org.openqa.selenium.remote.http.W3CHttpResponseCodec.createException(W3CHttpResponseCodec.java:187)
	at org.openqa.selenium.remote.http.W3CHttpResponseCodec.decode(W3CHttpResponseCodec.java:122)
	at org.openqa.selenium.remote.http.W3CHttpResponseCodec.decode(W3CHttpResponseCodec.java:49)
	at org.openqa.selenium.remote.HttpCommandExecutor.execute(HttpCommandExecutor.java:158)
	at org.openqa.selenium.remote.service.DriverCommandExecutor.execute(DriverCommandExecutor.java:83)
	at org.openqa.selenium.remote.RemoteWebDriver.execute(RemoteWebDriver.java:552)
	at org.openqa.selenium.remote.RemoteWebDriver.findElement(RemoteWebDriver.java:323)
	at org.openqa.selenium.remote.RemoteWebDriver.findElementByXPath(RemoteWebDriver.java:428)
	at org.openqa.selenium.By$ByXPath.findElement(By.java:353)
	at org.openqa.selenium.remote.RemoteWebDriver.findElement(RemoteWebDriver.java:315)
	at org.openqa.selenium.support.pagefactory.DefaultElementLocator.findElement(DefaultElementLocator.java:69)
	at org.openqa.selenium.support.pagefactory.internal.LocatingElementHandler.invoke(LocatingElementHandler.java:38)
	at com.sun.proxy.$Proxy20.getText(Unknown Source)
	at com.zerobank.pages.LoginPage.getErrorMessage(LoginPage.java:42)
	at com.zerobank.step_definitions.Practice.NavigationSteps.user_verifies_that_warning_message_is_displayed(NavigationSteps.java:41)
	at ✽.user verifies that "Login and/or password are wrong." warning message is displayed(file:///Users/abazarelsheikh/Desktop/Zero-Online-Banking-Application/src/test/resources/features/Login.feature:16)
&amp#27;[0m
  &amp#27;[36mThen &amp#27;[0m&amp#27;[36mI should be in &amp#27;[0m&amp#27;[36m&amp#27;[1m"Log in"&amp#27;[0m&amp#27;[36m page&amp#27;[0m                                                      &amp#27;[90m# com.zerobank.step_definitions.Practice.NavigationSteps.i_should_be_in_page(java.lang.String)&amp#27;[0m
scenario Tags: [@login_ZeroApp, @regression, @negative]
scenario Name: Verify warning message for invalid credentials

    Complete scenario: Verify warning message for invalid credentials


    Embedding Verify warning message for invalid credentials [image/png 201912 bytes]

close driver
]]></system-out>
    <system-err><![CDATA[Starting ChromeDriver 81.0.4044.138 (8c6c7ba89cc9453625af54f11fd83179e23450fa-refs/branch-heads/4044@{#999}) on port 7161
Only local connections are allowed.
Please protect ports used by ChromeDriver and related test frameworks to prevent access by malicious code.
May 15, 2020 12:37:09 AM org.openqa.selenium.remote.ProtocolHandshake createSession
INFO: Detected dialect: W3C
]]></system-err>
  </testcase>
</testsuite>