<?xml version="1.0" encoding="UTF-8"?>
<testsuite xmlns:xsi="http://www.w3.org/2001/XMLSchema-instance" xsi:noNamespaceSchemaLocation="https://maven.apache.org/surefire/maven-surefire-plugin/xsd/surefire-test-report-3.0.xsd" version="3.0" name="Find Transactions in Account Activity" time="124.514" tests="4" errors="2" skipped="0" failures="0">
  <properties>
[...]
</properties>
  <testcase name="Search date range" classname="Find Transactions in Account Activity" time="64.665"/>
  <testcase name="Search description" classname="Find Transactions in Account Activity" time="16.892">
    <error message="no such element: Unable to locate element: {&quot;method&quot;:&quot;xpath&quot;,&quot;selector&quot;:&quot;//div[@id=&apos;filtered_transactions_for_account&apos;]//tr//td[3]&quot;}&#10;  (Session info: chrome=81.0.4044.138)&#10;For documentation on this error, please visit: https://www.seleniumhq.org/exceptions/no_such_element.html&#10;Build info: version: &apos;3.141.59&apos;, revision: &apos;e82be7d358&apos;, time: &apos;2018-11-14T08:17:03&apos;&#10;System info: host: &apos;aGooz-MacBook-Pro.local&apos;, ip: &apos;2600:8806:2200:c600:39cd:5493:7ab3:8560%en0&apos;, os.name: &apos;Mac OS X&apos;, os.arch: &apos;x86_64&apos;, os.version: &apos;10.15.4&apos;, java.version: &apos;13.0.2&apos;&#10;Driver info: org.openqa.selenium.chrome.ChromeDriver&#10;Capabilities {acceptInsecureCerts: false, browserName: chrome, browserVersion: 81.0.4044.138, chrome: {chromedriverVersion: 81.0.4044.138 (8c6c7ba89cc9..., userDataDir: /var/folders/4_/h1fdk0d11sb...}, goog:chromeOptions: {debuggerAddress: localhost:54809}, javascriptEnabled: true, networkConnectionEnabled: false, pageLoadStrategy: normal, platform: MAC, platformName: MAC, proxy: Proxy(), setWindowRect: true, strictFileInteractability: false, timeouts: {implicit: 0, pageLoad: 300000, script: 30000}, unhandledPromptBehavior: dismiss and notify, webauthn:virtualAuthenticators: true}&#10;Session ID: 0e24244124878a852f4cccbfc64cb72a&#10;*** Element info: {Using=xpath, value=//div[@id=&apos;filtered_transactions_for_account&apos;]//tr//td[3]}" type="org.openqa.selenium.NoSuchElementException"><![CDATA[org.openqa.selenium.NoSuchElementException: 
no such element: Unable to locate element: {"method":"xpath","selector":"//div[@id='filtered_transactions_for_account']//tr//td[3]"}
  (Session info: chrome=81.0.4044.138)
For documentation on this error, please visit: https://www.seleniumhq.org/exceptions/no_such_element.html
Build info: version: '3.141.59', revision: 'e82be7d358', time: '2018-11-14T08:17:03'
System info: host: 'aGooz-MacBook-Pro.local', ip: '2600:8806:2200:c600:39cd:5493:7ab3:8560%en0', os.name: 'Mac OS X', os.arch: 'x86_64', os.version: '10.15.4', java.version: '13.0.2'
Driver info: org.openqa.selenium.chrome.ChromeDriver
Capabilities {acceptInsecureCerts: false, browserName: chrome, browserVersion: 81.0.4044.138, chrome: {chromedriverVersion: 81.0.4044.138 (8c6c7ba89cc9..., userDataDir: /var/folders/4_/h1fdk0d11sb...}, goog:chromeOptions: {debuggerAddress: localhost:54809}, javascriptEnabled: true, networkConnectionEnabled: false, pageLoadStrategy: normal, platform: MAC, platformName: MAC, proxy: Proxy(), setWindowRect: true, strictFileInteractability: false, timeouts: {implicit: 0, pageLoad: 300000, script: 30000}, unhandledPromptBehavior: dismiss and notify, webauthn:virtualAuthenticators: true}
Session ID: 0e24244124878a852f4cccbfc64cb72a
*** Element info: {Using=xpath, value=//div[@id='filtered_transactions_for_account']//tr//td[3]}
]]></error>
    <system-out><![CDATA[
@transaction @regression @search_description
Scenario: Search description                                           &amp#27;[90m# src/test/resources/features/FindTransactions.feature:21&amp#27;[0m
set up browser
Zero - Account Activity
  &amp#27;[32mGiven &amp#27;[0m&amp#27;[32mthe user accesses the Find Transactions tab&amp#27;[0m                    &amp#27;[90m# com.zerobank.step_definitions.Practice.AccountActivitySteps.the_user_accesses_the_Find_Transactions_tab()&amp#27;[0m
  &amp#27;[32mWhen &amp#27;[0m&amp#27;[32mthe user enters description &amp#27;[0m&amp#27;[32m&amp#27;[1m"ONLINE"&amp#27;[0m                            &amp#27;[90m# com.zerobank.step_definitions.Practice.AccountActivitySteps.the_user_enters_description_ONLINE(java.lang.String)&amp#27;[0m
  &amp#27;[32mAnd &amp#27;[0m&amp#27;[32mclicks search&amp#27;[0m                                                    &amp#27;[90m# com.zerobank.step_definitions.Practice.AccountActivitySteps.clicks_search()&amp#27;[0m
ONLINE: 984.3
ONLINE: 
  &amp#27;[32mThen &amp#27;[0m&amp#27;[32mresults table should only show descriptions containing &amp#27;[0m&amp#27;[32m&amp#27;[1m"ONLINE"&amp#27;[0m &amp#27;[90m# com.zerobank.step_definitions.Practice.AccountActivitySteps.results_table_should_only_show_descriptions_containing_OFFICE(java.lang.String)&amp#27;[0m
  &amp#27;[32mWhen &amp#27;[0m&amp#27;[32mthe user enters description &amp#27;[0m&amp#27;[32m&amp#27;[1m"OFFiCE"&amp#27;[0m                            &amp#27;[90m# com.zerobank.step_definitions.Practice.AccountActivitySteps.the_user_enters_description_ONLINE(java.lang.String)&amp#27;[0m
  &amp#27;[32mAnd &amp#27;[0m&amp#27;[32mclicks search&amp#27;[0m                                                    &amp#27;[90m# com.zerobank.step_definitions.Practice.AccountActivitySteps.clicks_search()&amp#27;[0m
  &amp#27;[31mThen &amp#27;[0m&amp#27;[31mresults table should only show descriptions containing &amp#27;[0m&amp#27;[31m&amp#27;[1m"OFFICE"&amp#27;[0m &amp#27;[90m# com.zerobank.step_definitions.Practice.AccountActivitySteps.results_table_should_only_show_descriptions_containing_OFFICE(java.lang.String)&amp#27;[0m
      &amp#27;[31morg.openqa.selenium.NoSuchElementException: no such element: Unable to locate element: {"method":"xpath","selector":"//div[@id='filtered_transactions_for_account']//tr//td[3]"}
  (Session info: chrome=81.0.4044.138)
For documentation on this error, please visit: https://www.seleniumhq.org/exceptions/no_such_element.html
Build info: version: '3.141.59', revision: 'e82be7d358', time: '2018-11-14T08:17:03'
System info: host: 'aGooz-MacBook-Pro.local', ip: '2600:8806:2200:c600:39cd:5493:7ab3:8560%en0', os.name: 'Mac OS X', os.arch: 'x86_64', os.version: '10.15.4', java.version: '13.0.2'
Driver info: org.openqa.selenium.chrome.ChromeDriver
Capabilities {acceptInsecureCerts: false, browserName: chrome, browserVersion: 81.0.4044.138, chrome: {chromedriverVersion: 81.0.4044.138 (8c6c7ba89cc9..., userDataDir: /var/folders/4_/h1fdk0d11sb...}, goog:chromeOptions: {debuggerAddress: localhost:54809}, javascriptEnabled: true, networkConnectionEnabled: false, pageLoadStrategy: normal, platform: MAC, platformName: MAC, proxy: Proxy(), setWindowRect: true, strictFileInteractability: false, timeouts: {implicit: 0, pageLoad: 300000, script: 30000}, unhandledPromptBehavior: dismiss and notify, webauthn:virtualAuthenticators: true}
Session ID: 0e24244124878a852f4cccbfc64cb72a
*** Element info: {Using=xpath, value=//div[@id='filtered_transactions_for_account']//tr//td[3]}
	at java.base/jdk.internal.reflect.NativeConstructorAccessorImpl.newInstance0(Native Method)
	at java.base/jdk.internal.reflect.NativeConstructorAccessorImpl.newInstance(NativeConstructorAccessorImpl.java:62)
	at java.base/jdk.internal.reflect.DelegatingConstructorAccessorImpl.newInstance(DelegatingConstructorAccessorImpl.java:45)
	at java.base/java.lang.reflect.Constructor.newInstanceWithCaller(Constructor.java:500)
	at java.base/java.lang.reflect.Constructor.newInstance(Constructor.java:481)
	at org.openqa.selenium.remote.http.W3CHttpResponseCodec.createException(W3CHttpResponseCodec.java:187)
	at org.openqa.selenium.remote.http.W3CHttpResponseCodec.decode(W3CHttpResponseCodec.java:122)
	at org.openqa.selenium.remote.http.W3CHttpResponseCodec.decode(W3CHttpResponseCodec.java:49)
	at org.openqa.selenium.remote.HttpCommandExecutor.execute(HttpCommandExecutor.java:158)
	at org.openqa.selenium.remote.service.DriverCommandExecutor.execute(DriverCommandExecutor.java:83)
	at org.openqa.selenium.remote.RemoteWebDriver.execute(RemoteWebDriver.java:552)
	at org.openqa.selenium.remote.RemoteWebDriver.findElement(RemoteWebDriver.java:323)
	at org.openqa.selenium.remote.RemoteWebDriver.findElementByXPath(RemoteWebDriver.java:428)
	at org.openqa.selenium.By$ByXPath.findElement(By.java:353)
	at org.openqa.selenium.remote.RemoteWebDriver.findElement(RemoteWebDriver.java:315)
	at com.zerobank.pages.AccountActivityPage.filterBColumn(AccountActivityPage.java:40)
	at com.zerobank.step_definitions.Practice.AccountActivitySteps.results_table_should_only_show_descriptions_containing_OFFICE(AccountActivitySteps.java:95)
	at ✽.results table should only show descriptions containing "OFFICE"(file:///Users/abazarelsheikh/Desktop/Zero-Online-Banking-Application/src/test/resources/features/FindTransactions.feature:27)
&amp#27;[0m
  &amp#27;[36mBut &amp#27;[0m&amp#27;[36mresults table should not show descriptions containing &amp#27;[0m&amp#27;[36m&amp#27;[1m"OFFICE"&amp#27;[0m   &amp#27;[90m# com.zerobank.step_definitions.Practice.AccountActivitySteps.results_table_should_not_show_descriptions_containing_OFFICE(java.lang.String)&amp#27;[0m
scenario Tags: [@transaction, @regression, @search_description]
scenario Name: Search description

    Complete scenario: Search description


    Embedding Search description [image/png 136398 bytes]

close driver
]]></system-out>
    <system-err><![CDATA[Starting ChromeDriver 81.0.4044.138 (8c6c7ba89cc9453625af54f11fd83179e23450fa-refs/branch-heads/4044@{#999}) on port 48064
Only local connections are allowed.
Please protect ports used by ChromeDriver and related test frameworks to prevent access by malicious code.
May 15, 2020 12:37:56 AM org.openqa.selenium.remote.ProtocolHandshake createSession
INFO: Detected dialect: W3C
]]></system-err>
  </testcase>
  <testcase name="Search description case insensitive" classname="Find Transactions in Account Activity" time="17.723">
    <error message="no such element: Unable to locate element: {&quot;method&quot;:&quot;xpath&quot;,&quot;selector&quot;:&quot;//div[@id=&apos;filtered_transactions_for_account&apos;]//tr//td[3]&quot;}&#10;  (Session info: chrome=81.0.4044.138)&#10;For documentation on this error, please visit: https://www.seleniumhq.org/exceptions/no_such_element.html&#10;Build info: version: &apos;3.141.59&apos;, revision: &apos;e82be7d358&apos;, time: &apos;2018-11-14T08:17:03&apos;&#10;System info: host: &apos;aGooz-MacBook-Pro.local&apos;, ip: &apos;2600:8806:2200:c600:39cd:5493:7ab3:8560%en0&apos;, os.name: &apos;Mac OS X&apos;, os.arch: &apos;x86_64&apos;, os.version: &apos;10.15.4&apos;, java.version: &apos;13.0.2&apos;&#10;Driver info: org.openqa.selenium.chrome.ChromeDriver&#10;Capabilities {acceptInsecureCerts: false, browserName: chrome, browserVersion: 81.0.4044.138, chrome: {chromedriverVersion: 81.0.4044.138 (8c6c7ba89cc9..., userDataDir: /var/folders/4_/h1fdk0d11sb...}, goog:chromeOptions: {debuggerAddress: localhost:54957}, javascriptEnabled: true, networkConnectionEnabled: false, pageLoadStrategy: normal, platform: MAC, platformName: MAC, proxy: Proxy(), setWindowRect: true, strictFileInteractability: false, timeouts: {implicit: 0, pageLoad: 300000, script: 30000}, unhandledPromptBehavior: dismiss and notify, webauthn:virtualAuthenticators: true}&#10;Session ID: c68de874fb295133b576ca42f69e50e1&#10;*** Element info: {Using=xpath, value=//div[@id=&apos;filtered_transactions_for_account&apos;]//tr//td[3]}" type="org.openqa.selenium.NoSuchElementException"><![CDATA[org.openqa.selenium.NoSuchElementException: 
no such element: Unable to locate element: {"method":"xpath","selector":"//div[@id='filtered_transactions_for_account']//tr//td[3]"}
  (Session info: chrome=81.0.4044.138)
For documentation on this error, please visit: https://www.seleniumhq.org/exceptions/no_such_element.html
Build info: version: '3.141.59', revision: 'e82be7d358', time: '2018-11-14T08:17:03'
System info: host: 'aGooz-MacBook-Pro.local', ip: '2600:8806:2200:c600:39cd:5493:7ab3:8560%en0', os.name: 'Mac OS X', os.arch: 'x86_64', os.version: '10.15.4', java.version: '13.0.2'
Driver info: org.openqa.selenium.chrome.ChromeDriver
Capabilities {acceptInsecureCerts: false, browserName: chrome, browserVersion: 81.0.4044.138, chrome: {chromedriverVersion: 81.0.4044.138 (8c6c7ba89cc9..., userDataDir: /var/folders/4_/h1fdk0d11sb...}, goog:chromeOptions: {debuggerAddress: localhost:54957}, javascriptEnabled: true, networkConnectionEnabled: false, pageLoadStrategy: normal, platform: MAC, platformName: MAC, proxy: Proxy(), setWindowRect: true, strictFileInteractability: false, timeouts: {implicit: 0, pageLoad: 300000, script: 30000}, unhandledPromptBehavior: dismiss and notify, webauthn:virtualAuthenticators: true}
Session ID: c68de874fb295133b576ca42f69e50e1
*** Element info: {Using=xpath, value=//div[@id='filtered_transactions_for_account']//tr//td[3]}
]]></error>
    <system-out><![CDATA[
@transaction @regression @search_case_insensitive
Scenario: Search description case insensitive                          &amp#27;[90m# src/test/resources/features/FindTransactions.feature:31&amp#27;[0m
set up browser
Zero - Account Activity
  &amp#27;[32mGiven &amp#27;[0m&amp#27;[32mthe user accesses the Find Transactions tab&amp#27;[0m                    &amp#27;[90m# com.zerobank.step_definitions.Practice.AccountActivitySteps.the_user_accesses_the_Find_Transactions_tab()&amp#27;[0m
  &amp#27;[32mWhen &amp#27;[0m&amp#27;[32mthe user enters description &amp#27;[0m&amp#27;[32m&amp#27;[1m"ONLINE"&amp#27;[0m                            &amp#27;[90m# com.zerobank.step_definitions.Practice.AccountActivitySteps.the_user_enters_description_ONLINE(java.lang.String)&amp#27;[0m
  &amp#27;[32mAnd &amp#27;[0m&amp#27;[32mclicks search&amp#27;[0m                                                    &amp#27;[90m# com.zerobank.step_definitions.Practice.AccountActivitySteps.clicks_search()&amp#27;[0m
ONLINE: 984.3
ONLINE: 
  &amp#27;[32mThen &amp#27;[0m&amp#27;[32mresults table should only show descriptions containing &amp#27;[0m&amp#27;[32m&amp#27;[1m"ONLINE"&amp#27;[0m &amp#27;[90m# com.zerobank.step_definitions.Practice.AccountActivitySteps.results_table_should_only_show_descriptions_containing_OFFICE(java.lang.String)&amp#27;[0m
  &amp#27;[32mWhen &amp#27;[0m&amp#27;[32mthe user enters description &amp#27;[0m&amp#27;[32m&amp#27;[1m"online"&amp#27;[0m                            &amp#27;[90m# com.zerobank.step_definitions.Practice.AccountActivitySteps.the_user_enters_description_ONLINE(java.lang.String)&amp#27;[0m
  &amp#27;[32mAnd &amp#27;[0m&amp#27;[32mclicks search&amp#27;[0m                                                    &amp#27;[90m# com.zerobank.step_definitions.Practice.AccountActivitySteps.clicks_search()&amp#27;[0m
  &amp#27;[31mThen &amp#27;[0m&amp#27;[31mresults table should only show descriptions containing &amp#27;[0m&amp#27;[31m&amp#27;[1m"ONLINE"&amp#27;[0m &amp#27;[90m# com.zerobank.step_definitions.Practice.AccountActivitySteps.results_table_should_only_show_descriptions_containing_OFFICE(java.lang.String)&amp#27;[0m
      &amp#27;[31morg.openqa.selenium.NoSuchElementException: no such element: Unable to locate element: {"method":"xpath","selector":"//div[@id='filtered_transactions_for_account']//tr//td[3]"}
  (Session info: chrome=81.0.4044.138)
For documentation on this error, please visit: https://www.seleniumhq.org/exceptions/no_such_element.html
Build info: version: '3.141.59', revision: 'e82be7d358', time: '2018-11-14T08:17:03'
System info: host: 'aGooz-MacBook-Pro.local', ip: '2600:8806:2200:c600:39cd:5493:7ab3:8560%en0', os.name: 'Mac OS X', os.arch: 'x86_64', os.version: '10.15.4', java.version: '13.0.2'
Driver info: org.openqa.selenium.chrome.ChromeDriver
Capabilities {acceptInsecureCerts: false, browserName: chrome, browserVersion: 81.0.4044.138, chrome: {chromedriverVersion: 81.0.4044.138 (8c6c7ba89cc9..., userDataDir: /var/folders/4_/h1fdk0d11sb...}, goog:chromeOptions: {debuggerAddress: localhost:54957}, javascriptEnabled: true, networkConnectionEnabled: false, pageLoadStrategy: normal, platform: MAC, platformName: MAC, proxy: Proxy(), setWindowRect: true, strictFileInteractability: false, timeouts: {implicit: 0, pageLoad: 300000, script: 30000}, unhandledPromptBehavior: dismiss and notify, webauthn:virtualAuthenticators: true}
Session ID: c68de874fb295133b576ca42f69e50e1
*** Element info: {Using=xpath, value=//div[@id='filtered_transactions_for_account']//tr//td[3]}
	at java.base/jdk.internal.reflect.NativeConstructorAccessorImpl.newInstance0(Native Method)
	at java.base/jdk.internal.reflect.NativeConstructorAccessorImpl.newInstance(NativeConstructorAccessorImpl.java:62)
	at java.base/jdk.internal.reflect.DelegatingConstructorAccessorImpl.newInstance(DelegatingConstructorAccessorImpl.java:45)
	at java.base/java.lang.reflect.Constructor.newInstanceWithCaller(Constructor.java:500)
	at java.base/java.lang.reflect.Constructor.newInstance(Constructor.java:481)
	at org.openqa.selenium.remote.http.W3CHttpResponseCodec.createException(W3CHttpResponseCodec.java:187)
	at org.openqa.selenium.remote.http.W3CHttpResponseCodec.decode(W3CHttpResponseCodec.java:122)
	at org.openqa.selenium.remote.http.W3CHttpResponseCodec.decode(W3CHttpResponseCodec.java:49)
	at org.openqa.selenium.remote.HttpCommandExecutor.execute(HttpCommandExecutor.java:158)
	at org.openqa.selenium.remote.service.DriverCommandExecutor.execute(DriverCommandExecutor.java:83)
	at org.openqa.selenium.remote.RemoteWebDriver.execute(RemoteWebDriver.java:552)
	at org.openqa.selenium.remote.RemoteWebDriver.findElement(RemoteWebDriver.java:323)
	at org.openqa.selenium.remote.RemoteWebDriver.findElementByXPath(RemoteWebDriver.java:428)
	at org.openqa.selenium.By$ByXPath.findElement(By.java:353)
	at org.openqa.selenium.remote.RemoteWebDriver.findElement(RemoteWebDriver.java:315)
	at com.zerobank.pages.AccountActivityPage.filterBColumn(AccountActivityPage.java:40)
	at com.zerobank.step_definitions.Practice.AccountActivitySteps.results_table_should_only_show_descriptions_containing_OFFICE(AccountActivitySteps.java:95)
	at ✽.results table should only show descriptions containing "ONLINE"(file:///Users/abazarelsheikh/Desktop/Zero-Online-Banking-Application/src/test/resources/features/FindTransactions.feature:37)
&amp#27;[0m
scenario Tags: [@transaction, @regression, @search_case_insensitive]
scenario Name: Search description case insensitive

    Complete scenario: Search description case insensitive


    Embedding Search description case insensitive [image/png 135937 bytes]

close driver
]]></system-out>
    <system-err><![CDATA[Starting ChromeDriver 81.0.4044.138 (8c6c7ba89cc9453625af54f11fd83179e23450fa-refs/branch-heads/4044@{#999}) on port 46068
Only local connections are allowed.
Please protect ports used by ChromeDriver and related test frameworks to prevent access by malicious code.
May 15, 2020 12:38:12 AM org.openqa.selenium.remote.ProtocolHandshake createSession
INFO: Detected dialect: W3C
[1589517492.882][SEVERE]: Timed out receiving message from renderer: 0.100
[1589517492.984][SEVERE]: Timed out receiving message from renderer: 0.100
[1589517493.085][SEVERE]: Timed out receiving message from renderer: 0.100
[1589517493.188][SEVERE]: Timed out receiving message from renderer: 0.100
[1589517493.289][SEVERE]: Timed out receiving message from renderer: 0.100
[1589517493.390][SEVERE]: Timed out receiving message from renderer: 0.100
[1589517498.189][SEVERE]: Timed out receiving message from renderer: 0.100
]]></system-err>
  </testcase>
  <testcase name="Type" classname="Find Transactions in Account Activity" time="25.233"/>
</testsuite>