-------------------------------------------------------------------------------
Test set: Zero Account Summary, Account activity, Pay bills
-------------------------------------------------------------------------------
Tests run: 7, Failures: 1, Errors: 0, Skipped: 0, Time elapsed: 102.75 s <<< FAILURE! - in Zero Account Summary, Account activity, Pay bills
Zero Account Summary, Account activity, Pay bills.Pay Bills  Time elapsed: 8.818 s  <<< FAILURE!
org.junit.ComparisonFailure: expected:<Zero - [Account Activity]> but was:<Zero - [Pay Bills]>

